have_func: checking for rb_gc_stat()... -------------------- yes

"gcc -o conftest -I/home/app/.rvm/rubies/ruby-2.6.3/include/ruby-2.6.0/x86_64-linux -I/home/app/.rvm/rubies/ruby-2.6.3/include/ruby-2.6.0/ruby/backward -I/home/app/.rvm/rubies/ruby-2.6.3/include/ruby-2.6.0 -I.    -O3 -ggdb3 -Wall -Wextra -Wdeclaration-after-statement -Wdeprecated-declarations -Wduplicated-cond -Wimplicit-function-declaration -Wimplicit-int -Wmisleading-indentation -Wpointer-arith -Wrestrict -Wwrite-strings -Wimplicit-fallthrough=0 -Wmissing-noreturn -Wno-cast-function-type -Wno-constant-logical-operand -Wno-long-long -Wno-missing-field-initializers -Wno-overlength-strings -Wno-packed-bitfield-compat -Wno-parentheses-equality -Wno-self-assign -Wno-tautological-compare -Wno-unused-parameter -Wno-unused-value -Wsuggest-attribute=format -Wsuggest-attribute=noreturn -Wunused-variable  -fPIC -std=c99 conftest.c  -L. -L/home/app/.rvm/rubies/ruby-2.6.3/lib -Wl,-rpath,/home/app/.rvm/rubies/ruby-2.6.3/lib -L. -fstack-protector-strong -rdynamic -Wl,-export-dynamic     -Wl,-rpath,'/../lib' -Wl,-rpath,'/../lib' -lruby  -lm   -lc"
checked program was:
/* begin */
1: #include "ruby.h"
2: 
3: int main(int argc, char **argv)
4: {
5:   return 0;
6: }
/* end */

"gcc -o conftest -I/home/app/.rvm/rubies/ruby-2.6.3/include/ruby-2.6.0/x86_64-linux -I/home/app/.rvm/rubies/ruby-2.6.3/include/ruby-2.6.0/ruby/backward -I/home/app/.rvm/rubies/ruby-2.6.3/include/ruby-2.6.0 -I.    -O3 -ggdb3 -Wall -Wextra -Wdeclaration-after-statement -Wdeprecated-declarations -Wduplicated-cond -Wimplicit-function-declaration -Wimplicit-int -Wmisleading-indentation -Wpointer-arith -Wrestrict -Wwrite-strings -Wimplicit-fallthrough=0 -Wmissing-noreturn -Wno-cast-function-type -Wno-constant-logical-operand -Wno-long-long -Wno-missing-field-initializers -Wno-overlength-strings -Wno-packed-bitfield-compat -Wno-parentheses-equality -Wno-self-assign -Wno-tautological-compare -Wno-unused-parameter -Wno-unused-value -Wsuggest-attribute=format -Wsuggest-attribute=noreturn -Wunused-variable  -fPIC -std=c99 conftest.c  -L. -L/home/app/.rvm/rubies/ruby-2.6.3/lib -Wl,-rpath,/home/app/.rvm/rubies/ruby-2.6.3/lib -L. -fstack-protector-strong -rdynamic -Wl,-export-dynamic     -Wl,-rpath,'/../lib' -Wl,-rpath,'/../lib' -lruby  -lm   -lc"
checked program was:
/* begin */
 1: #include "ruby.h"
 2: 
 3: /*top*/
 4: extern int t(void);
 5: int main(int argc, char **argv)
 6: {
 7:   if (argc > 1000000) {
 8:     int (* volatile tp)(void)=(int (*)(void))&t;
 9:     printf("%d", (*tp)());
10:   }
11: 
12:   return 0;
13: }
14: int t(void) { void ((*volatile p)()); p = (void ((*)()))rb_gc_stat; return !p; }
/* end */

--------------------

have_func: checking for rb_gc_count()... -------------------- yes

"gcc -o conftest -I/home/app/.rvm/rubies/ruby-2.6.3/include/ruby-2.6.0/x86_64-linux -I/home/app/.rvm/rubies/ruby-2.6.3/include/ruby-2.6.0/ruby/backward -I/home/app/.rvm/rubies/ruby-2.6.3/include/ruby-2.6.0 -I.    -O3 -ggdb3 -Wall -Wextra -Wdeclaration-after-statement -Wdeprecated-declarations -Wduplicated-cond -Wimplicit-function-declaration -Wimplicit-int -Wmisleading-indentation -Wpointer-arith -Wrestrict -Wwrite-strings -Wimplicit-fallthrough=0 -Wmissing-noreturn -Wno-cast-function-type -Wno-constant-logical-operand -Wno-long-long -Wno-missing-field-initializers -Wno-overlength-strings -Wno-packed-bitfield-compat -Wno-parentheses-equality -Wno-self-assign -Wno-tautological-compare -Wno-unused-parameter -Wno-unused-value -Wsuggest-attribute=format -Wsuggest-attribute=noreturn -Wunused-variable  -fPIC -std=c99 conftest.c  -L. -L/home/app/.rvm/rubies/ruby-2.6.3/lib -Wl,-rpath,/home/app/.rvm/rubies/ruby-2.6.3/lib -L. -fstack-protector-strong -rdynamic -Wl,-export-dynamic     -Wl,-rpath,'/../lib' -Wl,-rpath,'/../lib' -lruby  -lm   -lc"
checked program was:
/* begin */
 1: #include "ruby.h"
 2: 
 3: /*top*/
 4: extern int t(void);
 5: int main(int argc, char **argv)
 6: {
 7:   if (argc > 1000000) {
 8:     int (* volatile tp)(void)=(int (*)(void))&t;
 9:     printf("%d", (*tp)());
10:   }
11: 
12:   return 0;
13: }
14: int t(void) { void ((*volatile p)()); p = (void ((*)()))rb_gc_count; return !p; }
/* end */

--------------------

have_func: checking for rb_remove_event_hook_with_data()... -------------------- yes

"gcc -o conftest -I/home/app/.rvm/rubies/ruby-2.6.3/include/ruby-2.6.0/x86_64-linux -I/home/app/.rvm/rubies/ruby-2.6.3/include/ruby-2.6.0/ruby/backward -I/home/app/.rvm/rubies/ruby-2.6.3/include/ruby-2.6.0 -I.    -O3 -ggdb3 -Wall -Wextra -Wdeclaration-after-statement -Wdeprecated-declarations -Wduplicated-cond -Wimplicit-function-declaration -Wimplicit-int -Wmisleading-indentation -Wpointer-arith -Wrestrict -Wwrite-strings -Wimplicit-fallthrough=0 -Wmissing-noreturn -Wno-cast-function-type -Wno-constant-logical-operand -Wno-long-long -Wno-missing-field-initializers -Wno-overlength-strings -Wno-packed-bitfield-compat -Wno-parentheses-equality -Wno-self-assign -Wno-tautological-compare -Wno-unused-parameter -Wno-unused-value -Wsuggest-attribute=format -Wsuggest-attribute=noreturn -Wunused-variable  -fPIC -std=c99 conftest.c  -L. -L/home/app/.rvm/rubies/ruby-2.6.3/lib -Wl,-rpath,/home/app/.rvm/rubies/ruby-2.6.3/lib -L. -fstack-protector-strong -rdynamic -Wl,-export-dynamic     -Wl,-rpath,'/../lib' -Wl,-rpath,'/../lib' -lruby  -lm   -lc"
conftest.c: In function ‘t’:
conftest.c:14:57: error: ‘rb_remove_event_hook_with_data’ undeclared (first use in this function); did you mean ‘rb_remove_event_hook’?
   14 | int t(void) { void ((*volatile p)()); p = (void ((*)()))rb_remove_event_hook_with_data; return !p; }
      |                                                         ^~~~~~~~~~~~~~~~~~~~~~~~~~~~~~
      |                                                         rb_remove_event_hook
conftest.c:14:57: note: each undeclared identifier is reported only once for each function it appears in
conftest.c: At top level:
cc1: warning: unrecognized command line option ‘-Wno-self-assign’
cc1: warning: unrecognized command line option ‘-Wno-parentheses-equality’
cc1: warning: unrecognized command line option ‘-Wno-constant-logical-operand’
checked program was:
/* begin */
 1: #include "ruby.h"
 2: 
 3: /*top*/
 4: extern int t(void);
 5: int main(int argc, char **argv)
 6: {
 7:   if (argc > 1000000) {
 8:     int (* volatile tp)(void)=(int (*)(void))&t;
 9:     printf("%d", (*tp)());
10:   }
11: 
12:   return 0;
13: }
14: int t(void) { void ((*volatile p)()); p = (void ((*)()))rb_remove_event_hook_with_data; return !p; }
/* end */

"gcc -o conftest -I/home/app/.rvm/rubies/ruby-2.6.3/include/ruby-2.6.0/x86_64-linux -I/home/app/.rvm/rubies/ruby-2.6.3/include/ruby-2.6.0/ruby/backward -I/home/app/.rvm/rubies/ruby-2.6.3/include/ruby-2.6.0 -I.    -O3 -ggdb3 -Wall -Wextra -Wdeclaration-after-statement -Wdeprecated-declarations -Wduplicated-cond -Wimplicit-function-declaration -Wimplicit-int -Wmisleading-indentation -Wpointer-arith -Wrestrict -Wwrite-strings -Wimplicit-fallthrough=0 -Wmissing-noreturn -Wno-cast-function-type -Wno-constant-logical-operand -Wno-long-long -Wno-missing-field-initializers -Wno-overlength-strings -Wno-packed-bitfield-compat -Wno-parentheses-equality -Wno-self-assign -Wno-tautological-compare -Wno-unused-parameter -Wno-unused-value -Wsuggest-attribute=format -Wsuggest-attribute=noreturn -Wunused-variable  -fPIC -std=c99 conftest.c  -L. -L/home/app/.rvm/rubies/ruby-2.6.3/lib -Wl,-rpath,/home/app/.rvm/rubies/ruby-2.6.3/lib -L. -fstack-protector-strong -rdynamic -Wl,-export-dynamic     -Wl,-rpath,'/../lib' -Wl,-rpath,'/../lib' -lruby  -lm   -lc"
checked program was:
/* begin */
 1: #include "ruby.h"
 2: 
 3: /*top*/
 4: extern int t(void);
 5: int main(int argc, char **argv)
 6: {
 7:   if (argc > 1000000) {
 8:     int (* volatile tp)(void)=(int (*)(void))&t;
 9:     printf("%d", (*tp)());
10:   }
11: 
12:   return 0;
13: }
14: extern void rb_remove_event_hook_with_data();
15: int t(void) { rb_remove_event_hook_with_data(); return 0; }
/* end */

--------------------

have_func: checking for rb_os_allocated_objects()... -------------------- no

"gcc -o conftest -I/home/app/.rvm/rubies/ruby-2.6.3/include/ruby-2.6.0/x86_64-linux -I/home/app/.rvm/rubies/ruby-2.6.3/include/ruby-2.6.0/ruby/backward -I/home/app/.rvm/rubies/ruby-2.6.3/include/ruby-2.6.0 -I.    -O3 -ggdb3 -Wall -Wextra -Wdeclaration-after-statement -Wdeprecated-declarations -Wduplicated-cond -Wimplicit-function-declaration -Wimplicit-int -Wmisleading-indentation -Wpointer-arith -Wrestrict -Wwrite-strings -Wimplicit-fallthrough=0 -Wmissing-noreturn -Wno-cast-function-type -Wno-constant-logical-operand -Wno-long-long -Wno-missing-field-initializers -Wno-overlength-strings -Wno-packed-bitfield-compat -Wno-parentheses-equality -Wno-self-assign -Wno-tautological-compare -Wno-unused-parameter -Wno-unused-value -Wsuggest-attribute=format -Wsuggest-attribute=noreturn -Wunused-variable  -fPIC -std=c99 conftest.c  -L. -L/home/app/.rvm/rubies/ruby-2.6.3/lib -Wl,-rpath,/home/app/.rvm/rubies/ruby-2.6.3/lib -L. -fstack-protector-strong -rdynamic -Wl,-export-dynamic     -Wl,-rpath,'/../lib' -Wl,-rpath,'/../lib' -lruby  -lm   -lc"
conftest.c: In function ‘t’:
conftest.c:14:57: error: ‘rb_os_allocated_objects’ undeclared (first use in this function)
   14 | int t(void) { void ((*volatile p)()); p = (void ((*)()))rb_os_allocated_objects; return !p; }
      |                                                         ^~~~~~~~~~~~~~~~~~~~~~~
conftest.c:14:57: note: each undeclared identifier is reported only once for each function it appears in
conftest.c: At top level:
cc1: warning: unrecognized command line option ‘-Wno-self-assign’
cc1: warning: unrecognized command line option ‘-Wno-parentheses-equality’
cc1: warning: unrecognized command line option ‘-Wno-constant-logical-operand’
checked program was:
/* begin */
 1: #include "ruby.h"
 2: 
 3: /*top*/
 4: extern int t(void);
 5: int main(int argc, char **argv)
 6: {
 7:   if (argc > 1000000) {
 8:     int (* volatile tp)(void)=(int (*)(void))&t;
 9:     printf("%d", (*tp)());
10:   }
11: 
12:   return 0;
13: }
14: int t(void) { void ((*volatile p)()); p = (void ((*)()))rb_os_allocated_objects; return !p; }
/* end */

"gcc -o conftest -I/home/app/.rvm/rubies/ruby-2.6.3/include/ruby-2.6.0/x86_64-linux -I/home/app/.rvm/rubies/ruby-2.6.3/include/ruby-2.6.0/ruby/backward -I/home/app/.rvm/rubies/ruby-2.6.3/include/ruby-2.6.0 -I.    -O3 -ggdb3 -Wall -Wextra -Wdeclaration-after-statement -Wdeprecated-declarations -Wduplicated-cond -Wimplicit-function-declaration -Wimplicit-int -Wmisleading-indentation -Wpointer-arith -Wrestrict -Wwrite-strings -Wimplicit-fallthrough=0 -Wmissing-noreturn -Wno-cast-function-type -Wno-constant-logical-operand -Wno-long-long -Wno-missing-field-initializers -Wno-overlength-strings -Wno-packed-bitfield-compat -Wno-parentheses-equality -Wno-self-assign -Wno-tautological-compare -Wno-unused-parameter -Wno-unused-value -Wsuggest-attribute=format -Wsuggest-attribute=noreturn -Wunused-variable  -fPIC -std=c99 conftest.c  -L. -L/home/app/.rvm/rubies/ruby-2.6.3/lib -Wl,-rpath,/home/app/.rvm/rubies/ruby-2.6.3/lib -L. -fstack-protector-strong -rdynamic -Wl,-export-dynamic     -Wl,-rpath,'/../lib' -Wl,-rpath,'/../lib' -lruby  -lm   -lc"
/usr/bin/ld: /tmp/ccrh4Q9n.o: in function `t':
/home/app/peatio-contrib-2.5.0/peatio-bitcoincash/ruby/2.6.0/gems/ruby-prof-0.17.0/ext/ruby_prof/conftest.c:15: undefined reference to `rb_os_allocated_objects'
collect2: error: ld returned 1 exit status
checked program was:
/* begin */
 1: #include "ruby.h"
 2: 
 3: /*top*/
 4: extern int t(void);
 5: int main(int argc, char **argv)
 6: {
 7:   if (argc > 1000000) {
 8:     int (* volatile tp)(void)=(int (*)(void))&t;
 9:     printf("%d", (*tp)());
10:   }
11: 
12:   return 0;
13: }
14: extern void rb_os_allocated_objects();
15: int t(void) { rb_os_allocated_objects(); return 0; }
/* end */

--------------------

have_func: checking for rb_gc_allocated_size()... -------------------- no

"gcc -o conftest -I/home/app/.rvm/rubies/ruby-2.6.3/include/ruby-2.6.0/x86_64-linux -I/home/app/.rvm/rubies/ruby-2.6.3/include/ruby-2.6.0/ruby/backward -I/home/app/.rvm/rubies/ruby-2.6.3/include/ruby-2.6.0 -I.    -O3 -ggdb3 -Wall -Wextra -Wdeclaration-after-statement -Wdeprecated-declarations -Wduplicated-cond -Wimplicit-function-declaration -Wimplicit-int -Wmisleading-indentation -Wpointer-arith -Wrestrict -Wwrite-strings -Wimplicit-fallthrough=0 -Wmissing-noreturn -Wno-cast-function-type -Wno-constant-logical-operand -Wno-long-long -Wno-missing-field-initializers -Wno-overlength-strings -Wno-packed-bitfield-compat -Wno-parentheses-equality -Wno-self-assign -Wno-tautological-compare -Wno-unused-parameter -Wno-unused-value -Wsuggest-attribute=format -Wsuggest-attribute=noreturn -Wunused-variable  -fPIC -std=c99 conftest.c  -L. -L/home/app/.rvm/rubies/ruby-2.6.3/lib -Wl,-rpath,/home/app/.rvm/rubies/ruby-2.6.3/lib -L. -fstack-protector-strong -rdynamic -Wl,-export-dynamic     -Wl,-rpath,'/../lib' -Wl,-rpath,'/../lib' -lruby  -lm   -lc"
conftest.c: In function ‘t’:
conftest.c:14:57: error: ‘rb_gc_allocated_size’ undeclared (first use in this function)
   14 | int t(void) { void ((*volatile p)()); p = (void ((*)()))rb_gc_allocated_size; return !p; }
      |                                                         ^~~~~~~~~~~~~~~~~~~~
conftest.c:14:57: note: each undeclared identifier is reported only once for each function it appears in
conftest.c: At top level:
cc1: warning: unrecognized command line option ‘-Wno-self-assign’
cc1: warning: unrecognized command line option ‘-Wno-parentheses-equality’
cc1: warning: unrecognized command line option ‘-Wno-constant-logical-operand’
checked program was:
/* begin */
 1: #include "ruby.h"
 2: 
 3: /*top*/
 4: extern int t(void);
 5: int main(int argc, char **argv)
 6: {
 7:   if (argc > 1000000) {
 8:     int (* volatile tp)(void)=(int (*)(void))&t;
 9:     printf("%d", (*tp)());
10:   }
11: 
12:   return 0;
13: }
14: int t(void) { void ((*volatile p)()); p = (void ((*)()))rb_gc_allocated_size; return !p; }
/* end */

"gcc -o conftest -I/home/app/.rvm/rubies/ruby-2.6.3/include/ruby-2.6.0/x86_64-linux -I/home/app/.rvm/rubies/ruby-2.6.3/include/ruby-2.6.0/ruby/backward -I/home/app/.rvm/rubies/ruby-2.6.3/include/ruby-2.6.0 -I.    -O3 -ggdb3 -Wall -Wextra -Wdeclaration-after-statement -Wdeprecated-declarations -Wduplicated-cond -Wimplicit-function-declaration -Wimplicit-int -Wmisleading-indentation -Wpointer-arith -Wrestrict -Wwrite-strings -Wimplicit-fallthrough=0 -Wmissing-noreturn -Wno-cast-function-type -Wno-constant-logical-operand -Wno-long-long -Wno-missing-field-initializers -Wno-overlength-strings -Wno-packed-bitfield-compat -Wno-parentheses-equality -Wno-self-assign -Wno-tautological-compare -Wno-unused-parameter -Wno-unused-value -Wsuggest-attribute=format -Wsuggest-attribute=noreturn -Wunused-variable  -fPIC -std=c99 conftest.c  -L. -L/home/app/.rvm/rubies/ruby-2.6.3/lib -Wl,-rpath,/home/app/.rvm/rubies/ruby-2.6.3/lib -L. -fstack-protector-strong -rdynamic -Wl,-export-dynamic     -Wl,-rpath,'/../lib' -Wl,-rpath,'/../lib' -lruby  -lm   -lc"
/usr/bin/ld: /tmp/ccV48Bj8.o: in function `t':
/home/app/peatio-contrib-2.5.0/peatio-bitcoincash/ruby/2.6.0/gems/ruby-prof-0.17.0/ext/ruby_prof/conftest.c:15: undefined reference to `rb_gc_allocated_size'
collect2: error: ld returned 1 exit status
checked program was:
/* begin */
 1: #include "ruby.h"
 2: 
 3: /*top*/
 4: extern int t(void);
 5: int main(int argc, char **argv)
 6: {
 7:   if (argc > 1000000) {
 8:     int (* volatile tp)(void)=(int (*)(void))&t;
 9:     printf("%d", (*tp)());
10:   }
11: 
12:   return 0;
13: }
14: extern void rb_gc_allocated_size();
15: int t(void) { rb_gc_allocated_size(); return 0; }
/* end */

--------------------

have_func: checking for rb_gc_collections()... -------------------- no

"gcc -o conftest -I/home/app/.rvm/rubies/ruby-2.6.3/include/ruby-2.6.0/x86_64-linux -I/home/app/.rvm/rubies/ruby-2.6.3/include/ruby-2.6.0/ruby/backward -I/home/app/.rvm/rubies/ruby-2.6.3/include/ruby-2.6.0 -I.    -O3 -ggdb3 -Wall -Wextra -Wdeclaration-after-statement -Wdeprecated-declarations -Wduplicated-cond -Wimplicit-function-declaration -Wimplicit-int -Wmisleading-indentation -Wpointer-arith -Wrestrict -Wwrite-strings -Wimplicit-fallthrough=0 -Wmissing-noreturn -Wno-cast-function-type -Wno-constant-logical-operand -Wno-long-long -Wno-missing-field-initializers -Wno-overlength-strings -Wno-packed-bitfield-compat -Wno-parentheses-equality -Wno-self-assign -Wno-tautological-compare -Wno-unused-parameter -Wno-unused-value -Wsuggest-attribute=format -Wsuggest-attribute=noreturn -Wunused-variable  -fPIC -std=c99 conftest.c  -L. -L/home/app/.rvm/rubies/ruby-2.6.3/lib -Wl,-rpath,/home/app/.rvm/rubies/ruby-2.6.3/lib -L. -fstack-protector-strong -rdynamic -Wl,-export-dynamic     -Wl,-rpath,'/../lib' -Wl,-rpath,'/../lib' -lruby  -lm   -lc"
conftest.c: In function ‘t’:
conftest.c:14:57: error: ‘rb_gc_collections’ undeclared (first use in this function); did you mean ‘rb_gc_mark_locations’?
   14 | int t(void) { void ((*volatile p)()); p = (void ((*)()))rb_gc_collections; return !p; }
      |                                                         ^~~~~~~~~~~~~~~~~
      |                                                         rb_gc_mark_locations
conftest.c:14:57: note: each undeclared identifier is reported only once for each function it appears in
conftest.c: At top level:
cc1: warning: unrecognized command line option ‘-Wno-self-assign’
cc1: warning: unrecognized command line option ‘-Wno-parentheses-equality’
cc1: warning: unrecognized command line option ‘-Wno-constant-logical-operand’
checked program was:
/* begin */
 1: #include "ruby.h"
 2: 
 3: /*top*/
 4: extern int t(void);
 5: int main(int argc, char **argv)
 6: {
 7:   if (argc > 1000000) {
 8:     int (* volatile tp)(void)=(int (*)(void))&t;
 9:     printf("%d", (*tp)());
10:   }
11: 
12:   return 0;
13: }
14: int t(void) { void ((*volatile p)()); p = (void ((*)()))rb_gc_collections; return !p; }
/* end */

"gcc -o conftest -I/home/app/.rvm/rubies/ruby-2.6.3/include/ruby-2.6.0/x86_64-linux -I/home/app/.rvm/rubies/ruby-2.6.3/include/ruby-2.6.0/ruby/backward -I/home/app/.rvm/rubies/ruby-2.6.3/include/ruby-2.6.0 -I.    -O3 -ggdb3 -Wall -Wextra -Wdeclaration-after-statement -Wdeprecated-declarations -Wduplicated-cond -Wimplicit-function-declaration -Wimplicit-int -Wmisleading-indentation -Wpointer-arith -Wrestrict -Wwrite-strings -Wimplicit-fallthrough=0 -Wmissing-noreturn -Wno-cast-function-type -Wno-constant-logical-operand -Wno-long-long -Wno-missing-field-initializers -Wno-overlength-strings -Wno-packed-bitfield-compat -Wno-parentheses-equality -Wno-self-assign -Wno-tautological-compare -Wno-unused-parameter -Wno-unused-value -Wsuggest-attribute=format -Wsuggest-attribute=noreturn -Wunused-variable  -fPIC -std=c99 conftest.c  -L. -L/home/app/.rvm/rubies/ruby-2.6.3/lib -Wl,-rpath,/home/app/.rvm/rubies/ruby-2.6.3/lib -L. -fstack-protector-strong -rdynamic -Wl,-export-dynamic     -Wl,-rpath,'/../lib' -Wl,-rpath,'/../lib' -lruby  -lm   -lc"
/usr/bin/ld: /tmp/ccDuStaY.o: in function `t':
/home/app/peatio-contrib-2.5.0/peatio-bitcoincash/ruby/2.6.0/gems/ruby-prof-0.17.0/ext/ruby_prof/conftest.c:15: undefined reference to `rb_gc_collections'
collect2: error: ld returned 1 exit status
checked program was:
/* begin */
 1: #include "ruby.h"
 2: 
 3: /*top*/
 4: extern int t(void);
 5: int main(int argc, char **argv)
 6: {
 7:   if (argc > 1000000) {
 8:     int (* volatile tp)(void)=(int (*)(void))&t;
 9:     printf("%d", (*tp)());
10:   }
11: 
12:   return 0;
13: }
14: extern void rb_gc_collections();
15: int t(void) { rb_gc_collections(); return 0; }
/* end */

--------------------

have_func: checking for rb_gc_time()... -------------------- no

"gcc -o conftest -I/home/app/.rvm/rubies/ruby-2.6.3/include/ruby-2.6.0/x86_64-linux -I/home/app/.rvm/rubies/ruby-2.6.3/include/ruby-2.6.0/ruby/backward -I/home/app/.rvm/rubies/ruby-2.6.3/include/ruby-2.6.0 -I.    -O3 -ggdb3 -Wall -Wextra -Wdeclaration-after-statement -Wdeprecated-declarations -Wduplicated-cond -Wimplicit-function-declaration -Wimplicit-int -Wmisleading-indentation -Wpointer-arith -Wrestrict -Wwrite-strings -Wimplicit-fallthrough=0 -Wmissing-noreturn -Wno-cast-function-type -Wno-constant-logical-operand -Wno-long-long -Wno-missing-field-initializers -Wno-overlength-strings -Wno-packed-bitfield-compat -Wno-parentheses-equality -Wno-self-assign -Wno-tautological-compare -Wno-unused-parameter -Wno-unused-value -Wsuggest-attribute=format -Wsuggest-attribute=noreturn -Wunused-variable  -fPIC -std=c99 conftest.c  -L. -L/home/app/.rvm/rubies/ruby-2.6.3/lib -Wl,-rpath,/home/app/.rvm/rubies/ruby-2.6.3/lib -L. -fstack-protector-strong -rdynamic -Wl,-export-dynamic     -Wl,-rpath,'/../lib' -Wl,-rpath,'/../lib' -lruby  -lm   -lc"
conftest.c: In function ‘t’:
conftest.c:14:57: error: ‘rb_gc_time’ undeclared (first use in this function); did you mean ‘rb_cTime’?
   14 | int t(void) { void ((*volatile p)()); p = (void ((*)()))rb_gc_time; return !p; }
      |                                                         ^~~~~~~~~~
      |                                                         rb_cTime
conftest.c:14:57: note: each undeclared identifier is reported only once for each function it appears in
conftest.c: At top level:
cc1: warning: unrecognized command line option ‘-Wno-self-assign’
cc1: warning: unrecognized command line option ‘-Wno-parentheses-equality’
cc1: warning: unrecognized command line option ‘-Wno-constant-logical-operand’
checked program was:
/* begin */
 1: #include "ruby.h"
 2: 
 3: /*top*/
 4: extern int t(void);
 5: int main(int argc, char **argv)
 6: {
 7:   if (argc > 1000000) {
 8:     int (* volatile tp)(void)=(int (*)(void))&t;
 9:     printf("%d", (*tp)());
10:   }
11: 
12:   return 0;
13: }
14: int t(void) { void ((*volatile p)()); p = (void ((*)()))rb_gc_time; return !p; }
/* end */

"gcc -o conftest -I/home/app/.rvm/rubies/ruby-2.6.3/include/ruby-2.6.0/x86_64-linux -I/home/app/.rvm/rubies/ruby-2.6.3/include/ruby-2.6.0/ruby/backward -I/home/app/.rvm/rubies/ruby-2.6.3/include/ruby-2.6.0 -I.    -O3 -ggdb3 -Wall -Wextra -Wdeclaration-after-statement -Wdeprecated-declarations -Wduplicated-cond -Wimplicit-function-declaration -Wimplicit-int -Wmisleading-indentation -Wpointer-arith -Wrestrict -Wwrite-strings -Wimplicit-fallthrough=0 -Wmissing-noreturn -Wno-cast-function-type -Wno-constant-logical-operand -Wno-long-long -Wno-missing-field-initializers -Wno-overlength-strings -Wno-packed-bitfield-compat -Wno-parentheses-equality -Wno-self-assign -Wno-tautological-compare -Wno-unused-parameter -Wno-unused-value -Wsuggest-attribute=format -Wsuggest-attribute=noreturn -Wunused-variable  -fPIC -std=c99 conftest.c  -L. -L/home/app/.rvm/rubies/ruby-2.6.3/lib -Wl,-rpath,/home/app/.rvm/rubies/ruby-2.6.3/lib -L. -fstack-protector-strong -rdynamic -Wl,-export-dynamic     -Wl,-rpath,'/../lib' -Wl,-rpath,'/../lib' -lruby  -lm   -lc"
/usr/bin/ld: /tmp/ccLhnTNC.o: in function `t':
/home/app/peatio-contrib-2.5.0/peatio-bitcoincash/ruby/2.6.0/gems/ruby-prof-0.17.0/ext/ruby_prof/conftest.c:15: undefined reference to `rb_gc_time'
collect2: error: ld returned 1 exit status
checked program was:
/* begin */
 1: #include "ruby.h"
 2: 
 3: /*top*/
 4: extern int t(void);
 5: int main(int argc, char **argv)
 6: {
 7:   if (argc > 1000000) {
 8:     int (* volatile tp)(void)=(int (*)(void))&t;
 9:     printf("%d", (*tp)());
10:   }
11: 
12:   return 0;
13: }
14: extern void rb_gc_time();
15: int t(void) { rb_gc_time(); return 0; }
/* end */

--------------------

have_func: checking for rb_gc_total_time()... -------------------- no

"gcc -o conftest -I/home/app/.rvm/rubies/ruby-2.6.3/include/ruby-2.6.0/x86_64-linux -I/home/app/.rvm/rubies/ruby-2.6.3/include/ruby-2.6.0/ruby/backward -I/home/app/.rvm/rubies/ruby-2.6.3/include/ruby-2.6.0 -I.    -O3 -ggdb3 -Wall -Wextra -Wdeclaration-after-statement -Wdeprecated-declarations -Wduplicated-cond -Wimplicit-function-declaration -Wimplicit-int -Wmisleading-indentation -Wpointer-arith -Wrestrict -Wwrite-strings -Wimplicit-fallthrough=0 -Wmissing-noreturn -Wno-cast-function-type -Wno-constant-logical-operand -Wno-long-long -Wno-missing-field-initializers -Wno-overlength-strings -Wno-packed-bitfield-compat -Wno-parentheses-equality -Wno-self-assign -Wno-tautological-compare -Wno-unused-parameter -Wno-unused-value -Wsuggest-attribute=format -Wsuggest-attribute=noreturn -Wunused-variable  -fPIC -std=c99 conftest.c  -L. -L/home/app/.rvm/rubies/ruby-2.6.3/lib -Wl,-rpath,/home/app/.rvm/rubies/ruby-2.6.3/lib -L. -fstack-protector-strong -rdynamic -Wl,-export-dynamic     -Wl,-rpath,'/../lib' -Wl,-rpath,'/../lib' -lruby  -lm   -lc"
conftest.c: In function ‘t’:
conftest.c:14:57: error: ‘rb_gc_total_time’ undeclared (first use in this function)
   14 | int t(void) { void ((*volatile p)()); p = (void ((*)()))rb_gc_total_time; return !p; }
      |                                                         ^~~~~~~~~~~~~~~~
conftest.c:14:57: note: each undeclared identifier is reported only once for each function it appears in
conftest.c: At top level:
cc1: warning: unrecognized command line option ‘-Wno-self-assign’
cc1: warning: unrecognized command line option ‘-Wno-parentheses-equality’
cc1: warning: unrecognized command line option ‘-Wno-constant-logical-operand’
checked program was:
/* begin */
 1: #include "ruby.h"
 2: 
 3: /*top*/
 4: extern int t(void);
 5: int main(int argc, char **argv)
 6: {
 7:   if (argc > 1000000) {
 8:     int (* volatile tp)(void)=(int (*)(void))&t;
 9:     printf("%d", (*tp)());
10:   }
11: 
12:   return 0;
13: }
14: int t(void) { void ((*volatile p)()); p = (void ((*)()))rb_gc_total_time; return !p; }
/* end */

"gcc -o conftest -I/home/app/.rvm/rubies/ruby-2.6.3/include/ruby-2.6.0/x86_64-linux -I/home/app/.rvm/rubies/ruby-2.6.3/include/ruby-2.6.0/ruby/backward -I/home/app/.rvm/rubies/ruby-2.6.3/include/ruby-2.6.0 -I.    -O3 -ggdb3 -Wall -Wextra -Wdeclaration-after-statement -Wdeprecated-declarations -Wduplicated-cond -Wimplicit-function-declaration -Wimplicit-int -Wmisleading-indentation -Wpointer-arith -Wrestrict -Wwrite-strings -Wimplicit-fallthrough=0 -Wmissing-noreturn -Wno-cast-function-type -Wno-constant-logical-operand -Wno-long-long -Wno-missing-field-initializers -Wno-overlength-strings -Wno-packed-bitfield-compat -Wno-parentheses-equality -Wno-self-assign -Wno-tautological-compare -Wno-unused-parameter -Wno-unused-value -Wsuggest-attribute=format -Wsuggest-attribute=noreturn -Wunused-variable  -fPIC -std=c99 conftest.c  -L. -L/home/app/.rvm/rubies/ruby-2.6.3/lib -Wl,-rpath,/home/app/.rvm/rubies/ruby-2.6.3/lib -L. -fstack-protector-strong -rdynamic -Wl,-export-dynamic     -Wl,-rpath,'/../lib' -Wl,-rpath,'/../lib' -lruby  -lm   -lc"
/usr/bin/ld: /tmp/ccmc8pbg.o: in function `t':
/home/app/peatio-contrib-2.5.0/peatio-bitcoincash/ruby/2.6.0/gems/ruby-prof-0.17.0/ext/ruby_prof/conftest.c:15: undefined reference to `rb_gc_total_time'
collect2: error: ld returned 1 exit status
checked program was:
/* begin */
 1: #include "ruby.h"
 2: 
 3: /*top*/
 4: extern int t(void);
 5: int main(int argc, char **argv)
 6: {
 7:   if (argc > 1000000) {
 8:     int (* volatile tp)(void)=(int (*)(void))&t;
 9:     printf("%d", (*tp)());
10:   }
11: 
12:   return 0;
13: }
14: extern void rb_gc_total_time();
15: int t(void) { rb_gc_total_time(); return 0; }
/* end */

--------------------

have_func: checking for rb_gc_total_mallocs()... -------------------- no

"gcc -o conftest -I/home/app/.rvm/rubies/ruby-2.6.3/include/ruby-2.6.0/x86_64-linux -I/home/app/.rvm/rubies/ruby-2.6.3/include/ruby-2.6.0/ruby/backward -I/home/app/.rvm/rubies/ruby-2.6.3/include/ruby-2.6.0 -I.    -O3 -ggdb3 -Wall -Wextra -Wdeclaration-after-statement -Wdeprecated-declarations -Wduplicated-cond -Wimplicit-function-declaration -Wimplicit-int -Wmisleading-indentation -Wpointer-arith -Wrestrict -Wwrite-strings -Wimplicit-fallthrough=0 -Wmissing-noreturn -Wno-cast-function-type -Wno-constant-logical-operand -Wno-long-long -Wno-missing-field-initializers -Wno-overlength-strings -Wno-packed-bitfield-compat -Wno-parentheses-equality -Wno-self-assign -Wno-tautological-compare -Wno-unused-parameter -Wno-unused-value -Wsuggest-attribute=format -Wsuggest-attribute=noreturn -Wunused-variable  -fPIC -std=c99 conftest.c  -L. -L/home/app/.rvm/rubies/ruby-2.6.3/lib -Wl,-rpath,/home/app/.rvm/rubies/ruby-2.6.3/lib -L. -fstack-protector-strong -rdynamic -Wl,-export-dynamic     -Wl,-rpath,'/../lib' -Wl,-rpath,'/../lib' -lruby  -lm   -lc"
conftest.c: In function ‘t’:
conftest.c:14:57: error: ‘rb_gc_total_mallocs’ undeclared (first use in this function)
   14 | int t(void) { void ((*volatile p)()); p = (void ((*)()))rb_gc_total_mallocs; return !p; }
      |                                                         ^~~~~~~~~~~~~~~~~~~
conftest.c:14:57: note: each undeclared identifier is reported only once for each function it appears in
conftest.c: At top level:
cc1: warning: unrecognized command line option ‘-Wno-self-assign’
cc1: warning: unrecognized command line option ‘-Wno-parentheses-equality’
cc1: warning: unrecognized command line option ‘-Wno-constant-logical-operand’
checked program was:
/* begin */
 1: #include "ruby.h"
 2: 
 3: /*top*/
 4: extern int t(void);
 5: int main(int argc, char **argv)
 6: {
 7:   if (argc > 1000000) {
 8:     int (* volatile tp)(void)=(int (*)(void))&t;
 9:     printf("%d", (*tp)());
10:   }
11: 
12:   return 0;
13: }
14: int t(void) { void ((*volatile p)()); p = (void ((*)()))rb_gc_total_mallocs; return !p; }
/* end */

"gcc -o conftest -I/home/app/.rvm/rubies/ruby-2.6.3/include/ruby-2.6.0/x86_64-linux -I/home/app/.rvm/rubies/ruby-2.6.3/include/ruby-2.6.0/ruby/backward -I/home/app/.rvm/rubies/ruby-2.6.3/include/ruby-2.6.0 -I.    -O3 -ggdb3 -Wall -Wextra -Wdeclaration-after-statement -Wdeprecated-declarations -Wduplicated-cond -Wimplicit-function-declaration -Wimplicit-int -Wmisleading-indentation -Wpointer-arith -Wrestrict -Wwrite-strings -Wimplicit-fallthrough=0 -Wmissing-noreturn -Wno-cast-function-type -Wno-constant-logical-operand -Wno-long-long -Wno-missing-field-initializers -Wno-overlength-strings -Wno-packed-bitfield-compat -Wno-parentheses-equality -Wno-self-assign -Wno-tautological-compare -Wno-unused-parameter -Wno-unused-value -Wsuggest-attribute=format -Wsuggest-attribute=noreturn -Wunused-variable  -fPIC -std=c99 conftest.c  -L. -L/home/app/.rvm/rubies/ruby-2.6.3/lib -Wl,-rpath,/home/app/.rvm/rubies/ruby-2.6.3/lib -L. -fstack-protector-strong -rdynamic -Wl,-export-dynamic     -Wl,-rpath,'/../lib' -Wl,-rpath,'/../lib' -lruby  -lm   -lc"
/usr/bin/ld: /tmp/cc87AewZ.o: in function `t':
/home/app/peatio-contrib-2.5.0/peatio-bitcoincash/ruby/2.6.0/gems/ruby-prof-0.17.0/ext/ruby_prof/conftest.c:15: undefined reference to `rb_gc_total_mallocs'
collect2: error: ld returned 1 exit status
checked program was:
/* begin */
 1: #include "ruby.h"
 2: 
 3: /*top*/
 4: extern int t(void);
 5: int main(int argc, char **argv)
 6: {
 7:   if (argc > 1000000) {
 8:     int (* volatile tp)(void)=(int (*)(void))&t;
 9:     printf("%d", (*tp)());
10:   }
11: 
12:   return 0;
13: }
14: extern void rb_gc_total_mallocs();
15: int t(void) { rb_gc_total_mallocs(); return 0; }
/* end */

--------------------

have_func: checking for rb_gc_total_malloced_bytes()... -------------------- no

"gcc -o conftest -I/home/app/.rvm/rubies/ruby-2.6.3/include/ruby-2.6.0/x86_64-linux -I/home/app/.rvm/rubies/ruby-2.6.3/include/ruby-2.6.0/ruby/backward -I/home/app/.rvm/rubies/ruby-2.6.3/include/ruby-2.6.0 -I.    -O3 -ggdb3 -Wall -Wextra -Wdeclaration-after-statement -Wdeprecated-declarations -Wduplicated-cond -Wimplicit-function-declaration -Wimplicit-int -Wmisleading-indentation -Wpointer-arith -Wrestrict -Wwrite-strings -Wimplicit-fallthrough=0 -Wmissing-noreturn -Wno-cast-function-type -Wno-constant-logical-operand -Wno-long-long -Wno-missing-field-initializers -Wno-overlength-strings -Wno-packed-bitfield-compat -Wno-parentheses-equality -Wno-self-assign -Wno-tautological-compare -Wno-unused-parameter -Wno-unused-value -Wsuggest-attribute=format -Wsuggest-attribute=noreturn -Wunused-variable  -fPIC -std=c99 conftest.c  -L. -L/home/app/.rvm/rubies/ruby-2.6.3/lib -Wl,-rpath,/home/app/.rvm/rubies/ruby-2.6.3/lib -L. -fstack-protector-strong -rdynamic -Wl,-export-dynamic     -Wl,-rpath,'/../lib' -Wl,-rpath,'/../lib' -lruby  -lm   -lc"
conftest.c: In function ‘t’:
conftest.c:14:57: error: ‘rb_gc_total_malloced_bytes’ undeclared (first use in this function)
   14 | int t(void) { void ((*volatile p)()); p = (void ((*)()))rb_gc_total_malloced_bytes; return !p; }
      |                                                         ^~~~~~~~~~~~~~~~~~~~~~~~~~
conftest.c:14:57: note: each undeclared identifier is reported only once for each function it appears in
conftest.c: At top level:
cc1: warning: unrecognized command line option ‘-Wno-self-assign’
cc1: warning: unrecognized command line option ‘-Wno-parentheses-equality’
cc1: warning: unrecognized command line option ‘-Wno-constant-logical-operand’
checked program was:
/* begin */
 1: #include "ruby.h"
 2: 
 3: /*top*/
 4: extern int t(void);
 5: int main(int argc, char **argv)
 6: {
 7:   if (argc > 1000000) {
 8:     int (* volatile tp)(void)=(int (*)(void))&t;
 9:     printf("%d", (*tp)());
10:   }
11: 
12:   return 0;
13: }
14: int t(void) { void ((*volatile p)()); p = (void ((*)()))rb_gc_total_malloced_bytes; return !p; }
/* end */

"gcc -o conftest -I/home/app/.rvm/rubies/ruby-2.6.3/include/ruby-2.6.0/x86_64-linux -I/home/app/.rvm/rubies/ruby-2.6.3/include/ruby-2.6.0/ruby/backward -I/home/app/.rvm/rubies/ruby-2.6.3/include/ruby-2.6.0 -I.    -O3 -ggdb3 -Wall -Wextra -Wdeclaration-after-statement -Wdeprecated-declarations -Wduplicated-cond -Wimplicit-function-declaration -Wimplicit-int -Wmisleading-indentation -Wpointer-arith -Wrestrict -Wwrite-strings -Wimplicit-fallthrough=0 -Wmissing-noreturn -Wno-cast-function-type -Wno-constant-logical-operand -Wno-long-long -Wno-missing-field-initializers -Wno-overlength-strings -Wno-packed-bitfield-compat -Wno-parentheses-equality -Wno-self-assign -Wno-tautological-compare -Wno-unused-parameter -Wno-unused-value -Wsuggest-attribute=format -Wsuggest-attribute=noreturn -Wunused-variable  -fPIC -std=c99 conftest.c  -L. -L/home/app/.rvm/rubies/ruby-2.6.3/lib -Wl,-rpath,/home/app/.rvm/rubies/ruby-2.6.3/lib -L. -fstack-protector-strong -rdynamic -Wl,-export-dynamic     -Wl,-rpath,'/../lib' -Wl,-rpath,'/../lib' -lruby  -lm   -lc"
/usr/bin/ld: /tmp/ccmf97sD.o: in function `t':
/home/app/peatio-contrib-2.5.0/peatio-bitcoincash/ruby/2.6.0/gems/ruby-prof-0.17.0/ext/ruby_prof/conftest.c:15: undefined reference to `rb_gc_total_malloced_bytes'
collect2: error: ld returned 1 exit status
checked program was:
/* begin */
 1: #include "ruby.h"
 2: 
 3: /*top*/
 4: extern int t(void);
 5: int main(int argc, char **argv)
 6: {
 7:   if (argc > 1000000) {
 8:     int (* volatile tp)(void)=(int (*)(void))&t;
 9:     printf("%d", (*tp)());
10:   }
11: 
12:   return 0;
13: }
14: extern void rb_gc_total_malloced_bytes();
15: int t(void) { rb_gc_total_malloced_bytes(); return 0; }
/* end */

--------------------

have_func: checking for rb_heap_total_mem()... -------------------- no

"gcc -o conftest -I/home/app/.rvm/rubies/ruby-2.6.3/include/ruby-2.6.0/x86_64-linux -I/home/app/.rvm/rubies/ruby-2.6.3/include/ruby-2.6.0/ruby/backward -I/home/app/.rvm/rubies/ruby-2.6.3/include/ruby-2.6.0 -I.    -O3 -ggdb3 -Wall -Wextra -Wdeclaration-after-statement -Wdeprecated-declarations -Wduplicated-cond -Wimplicit-function-declaration -Wimplicit-int -Wmisleading-indentation -Wpointer-arith -Wrestrict -Wwrite-strings -Wimplicit-fallthrough=0 -Wmissing-noreturn -Wno-cast-function-type -Wno-constant-logical-operand -Wno-long-long -Wno-missing-field-initializers -Wno-overlength-strings -Wno-packed-bitfield-compat -Wno-parentheses-equality -Wno-self-assign -Wno-tautological-compare -Wno-unused-parameter -Wno-unused-value -Wsuggest-attribute=format -Wsuggest-attribute=noreturn -Wunused-variable  -fPIC -std=c99 conftest.c  -L. -L/home/app/.rvm/rubies/ruby-2.6.3/lib -Wl,-rpath,/home/app/.rvm/rubies/ruby-2.6.3/lib -L. -fstack-protector-strong -rdynamic -Wl,-export-dynamic     -Wl,-rpath,'/../lib' -Wl,-rpath,'/../lib' -lruby  -lm   -lc"
conftest.c: In function ‘t’:
conftest.c:14:57: error: ‘rb_heap_total_mem’ undeclared (first use in this function)
   14 | int t(void) { void ((*volatile p)()); p = (void ((*)()))rb_heap_total_mem; return !p; }
      |                                                         ^~~~~~~~~~~~~~~~~
conftest.c:14:57: note: each undeclared identifier is reported only once for each function it appears in
conftest.c: At top level:
cc1: warning: unrecognized command line option ‘-Wno-self-assign’
cc1: warning: unrecognized command line option ‘-Wno-parentheses-equality’
cc1: warning: unrecognized command line option ‘-Wno-constant-logical-operand’
checked program was:
/* begin */
 1: #include "ruby.h"
 2: 
 3: /*top*/
 4: extern int t(void);
 5: int main(int argc, char **argv)
 6: {
 7:   if (argc > 1000000) {
 8:     int (* volatile tp)(void)=(int (*)(void))&t;
 9:     printf("%d", (*tp)());
10:   }
11: 
12:   return 0;
13: }
14: int t(void) { void ((*volatile p)()); p = (void ((*)()))rb_heap_total_mem; return !p; }
/* end */

"gcc -o conftest -I/home/app/.rvm/rubies/ruby-2.6.3/include/ruby-2.6.0/x86_64-linux -I/home/app/.rvm/rubies/ruby-2.6.3/include/ruby-2.6.0/ruby/backward -I/home/app/.rvm/rubies/ruby-2.6.3/include/ruby-2.6.0 -I.    -O3 -ggdb3 -Wall -Wextra -Wdeclaration-after-statement -Wdeprecated-declarations -Wduplicated-cond -Wimplicit-function-declaration -Wimplicit-int -Wmisleading-indentation -Wpointer-arith -Wrestrict -Wwrite-strings -Wimplicit-fallthrough=0 -Wmissing-noreturn -Wno-cast-function-type -Wno-constant-logical-operand -Wno-long-long -Wno-missing-field-initializers -Wno-overlength-strings -Wno-packed-bitfield-compat -Wno-parentheses-equality -Wno-self-assign -Wno-tautological-compare -Wno-unused-parameter -Wno-unused-value -Wsuggest-attribute=format -Wsuggest-attribute=noreturn -Wunused-variable  -fPIC -std=c99 conftest.c  -L. -L/home/app/.rvm/rubies/ruby-2.6.3/lib -Wl,-rpath,/home/app/.rvm/rubies/ruby-2.6.3/lib -L. -fstack-protector-strong -rdynamic -Wl,-export-dynamic     -Wl,-rpath,'/../lib' -Wl,-rpath,'/../lib' -lruby  -lm   -lc"
/usr/bin/ld: /tmp/ccarMzGl.o: in function `t':
/home/app/peatio-contrib-2.5.0/peatio-bitcoincash/ruby/2.6.0/gems/ruby-prof-0.17.0/ext/ruby_prof/conftest.c:15: undefined reference to `rb_heap_total_mem'
collect2: error: ld returned 1 exit status
checked program was:
/* begin */
 1: #include "ruby.h"
 2: 
 3: /*top*/
 4: extern int t(void);
 5: int main(int argc, char **argv)
 6: {
 7:   if (argc > 1000000) {
 8:     int (* volatile tp)(void)=(int (*)(void))&t;
 9:     printf("%d", (*tp)());
10:   }
11: 
12:   return 0;
13: }
14: extern void rb_heap_total_mem();
15: int t(void) { rb_heap_total_mem(); return 0; }
/* end */

--------------------

have_func: checking for rb_gc_heap_info()... -------------------- no

"gcc -o conftest -I/home/app/.rvm/rubies/ruby-2.6.3/include/ruby-2.6.0/x86_64-linux -I/home/app/.rvm/rubies/ruby-2.6.3/include/ruby-2.6.0/ruby/backward -I/home/app/.rvm/rubies/ruby-2.6.3/include/ruby-2.6.0 -I.    -O3 -ggdb3 -Wall -Wextra -Wdeclaration-after-statement -Wdeprecated-declarations -Wduplicated-cond -Wimplicit-function-declaration -Wimplicit-int -Wmisleading-indentation -Wpointer-arith -Wrestrict -Wwrite-strings -Wimplicit-fallthrough=0 -Wmissing-noreturn -Wno-cast-function-type -Wno-constant-logical-operand -Wno-long-long -Wno-missing-field-initializers -Wno-overlength-strings -Wno-packed-bitfield-compat -Wno-parentheses-equality -Wno-self-assign -Wno-tautological-compare -Wno-unused-parameter -Wno-unused-value -Wsuggest-attribute=format -Wsuggest-attribute=noreturn -Wunused-variable  -fPIC -std=c99 conftest.c  -L. -L/home/app/.rvm/rubies/ruby-2.6.3/lib -Wl,-rpath,/home/app/.rvm/rubies/ruby-2.6.3/lib -L. -fstack-protector-strong -rdynamic -Wl,-export-dynamic     -Wl,-rpath,'/../lib' -Wl,-rpath,'/../lib' -lruby  -lm   -lc"
conftest.c: In function ‘t’:
conftest.c:14:57: error: ‘rb_gc_heap_info’ undeclared (first use in this function)
   14 | int t(void) { void ((*volatile p)()); p = (void ((*)()))rb_gc_heap_info; return !p; }
      |                                                         ^~~~~~~~~~~~~~~
conftest.c:14:57: note: each undeclared identifier is reported only once for each function it appears in
conftest.c: At top level:
cc1: warning: unrecognized command line option ‘-Wno-self-assign’
cc1: warning: unrecognized command line option ‘-Wno-parentheses-equality’
cc1: warning: unrecognized command line option ‘-Wno-constant-logical-operand’
checked program was:
/* begin */
 1: #include "ruby.h"
 2: 
 3: /*top*/
 4: extern int t(void);
 5: int main(int argc, char **argv)
 6: {
 7:   if (argc > 1000000) {
 8:     int (* volatile tp)(void)=(int (*)(void))&t;
 9:     printf("%d", (*tp)());
10:   }
11: 
12:   return 0;
13: }
14: int t(void) { void ((*volatile p)()); p = (void ((*)()))rb_gc_heap_info; return !p; }
/* end */

"gcc -o conftest -I/home/app/.rvm/rubies/ruby-2.6.3/include/ruby-2.6.0/x86_64-linux -I/home/app/.rvm/rubies/ruby-2.6.3/include/ruby-2.6.0/ruby/backward -I/home/app/.rvm/rubies/ruby-2.6.3/include/ruby-2.6.0 -I.    -O3 -ggdb3 -Wall -Wextra -Wdeclaration-after-statement -Wdeprecated-declarations -Wduplicated-cond -Wimplicit-function-declaration -Wimplicit-int -Wmisleading-indentation -Wpointer-arith -Wrestrict -Wwrite-strings -Wimplicit-fallthrough=0 -Wmissing-noreturn -Wno-cast-function-type -Wno-constant-logical-operand -Wno-long-long -Wno-missing-field-initializers -Wno-overlength-strings -Wno-packed-bitfield-compat -Wno-parentheses-equality -Wno-self-assign -Wno-tautological-compare -Wno-unused-parameter -Wno-unused-value -Wsuggest-attribute=format -Wsuggest-attribute=noreturn -Wunused-variable  -fPIC -std=c99 conftest.c  -L. -L/home/app/.rvm/rubies/ruby-2.6.3/lib -Wl,-rpath,/home/app/.rvm/rubies/ruby-2.6.3/lib -L. -fstack-protector-strong -rdynamic -Wl,-export-dynamic     -Wl,-rpath,'/../lib' -Wl,-rpath,'/../lib' -lruby  -lm   -lc"
/usr/bin/ld: /tmp/ccuyoxNZ.o: in function `t':
/home/app/peatio-contrib-2.5.0/peatio-bitcoincash/ruby/2.6.0/gems/ruby-prof-0.17.0/ext/ruby_prof/conftest.c:15: undefined reference to `rb_gc_heap_info'
collect2: error: ld returned 1 exit status
checked program was:
/* begin */
 1: #include "ruby.h"
 2: 
 3: /*top*/
 4: extern int t(void);
 5: int main(int argc, char **argv)
 6: {
 7:   if (argc > 1000000) {
 8:     int (* volatile tp)(void)=(int (*)(void))&t;
 9:     printf("%d", (*tp)());
10:   }
11: 
12:   return 0;
13: }
14: extern void rb_gc_heap_info();
15: int t(void) { rb_gc_heap_info(); return 0; }
/* end */

--------------------

