current directory: /home/app/peatio-contrib-2.5.0/peatio-bitcoincash/ruby/2.6.0/gems/bootsnap-1.7.3/ext/bootsnap
/home/app/.rvm/rubies/ruby-2.6.3/bin/ruby -I /home/app/.rvm/rubies/ruby-2.6.3/lib/ruby/site_ruby/2.6.0 -r ./siteconf20220426-555024-gyh0jo.rb extconf.rb
creating Makefile

current directory: /home/app/peatio-contrib-2.5.0/peatio-bitcoincash/ruby/2.6.0/gems/bootsnap-1.7.3/ext/bootsnap
make "DESTDIR=" clean

current directory: /home/app/peatio-contrib-2.5.0/peatio-bitcoincash/ruby/2.6.0/gems/bootsnap-1.7.3/ext/bootsnap
make "DESTDIR="
compiling bootsnap.c
bootsnap.c: In function ‘bs_rb_fetch’:
bootsnap.c:355:3: warning: ISO C90 forbids mixed declarations and code [-Wdeclaration-after-statement]
  355 |   char * cachedir = RSTRING_PTR(cachedir_v);
      |   ^~~~
bootsnap.c: In function ‘bs_rb_precompile’:
bootsnap.c:382:3: warning: ISO C90 forbids mixed declarations and code [-Wdeclaration-after-statement]
  382 |   char * cachedir = RSTRING_PTR(cachedir_v);
      |   ^~~~
bootsnap.c: In function ‘bs_rb_fetch’:
bootsnap.c:743:13: warning: ‘output_data’ may be used uninitialized in this function [-Wmaybe-uninitialized]
  743 |     else if (!NIL_P(output_data)) goto succeed; /* fast-path, goal */
      |             ^
bootsnap.c:706:9: note: ‘output_data’ was declared here
  706 |   VALUE output_data;  /* return data, e.g. ruby hash or loaded iseq */
      |         ^~~~~~~~~~~
bootsnap.c: At top level:
cc1: warning: unrecognized command line option ‘-Wno-self-assign’
cc1: warning: unrecognized command line option ‘-Wno-parentheses-equality’
cc1: warning: unrecognized command line option ‘-Wno-constant-logical-operand’
linking shared-object bootsnap/bootsnap.so

current directory: /home/app/peatio-contrib-2.5.0/peatio-bitcoincash/ruby/2.6.0/gems/bootsnap-1.7.3/ext/bootsnap
make "DESTDIR=" install
/usr/bin/install -m 0755 bootsnap.so ./.gem.20220426-555024-1ndenq1/bootsnap
