current directory: /home/app/peatio-contrib-2.5.0/peatio-bitcoincash/ruby/2.6.0/gems/eventmachine-1.2.7/ext/fastfilereader
/home/app/.rvm/rubies/ruby-2.6.3/bin/ruby -I /home/app/.rvm/rubies/ruby-2.6.3/lib/ruby/site_ruby/2.6.0 -r ./siteconf20220426-555024-1rayzxl.rb extconf.rb
creating Makefile

current directory: /home/app/peatio-contrib-2.5.0/peatio-bitcoincash/ruby/2.6.0/gems/eventmachine-1.2.7/ext/fastfilereader
make "DESTDIR=" clean

current directory: /home/app/peatio-contrib-2.5.0/peatio-bitcoincash/ruby/2.6.0/gems/eventmachine-1.2.7/ext/fastfilereader
make "DESTDIR="
compiling mapper.cpp
cc1plus: warning: command line option ‘-Wdeclaration-after-statement’ is valid for C/ObjC but not for C++
cc1plus: warning: command line option ‘-Wimplicit-function-declaration’ is valid for C/ObjC but not for C++
cc1plus: warning: command line option ‘-Wimplicit-int’ is valid for C/ObjC but not for C++
cc1plus: warning: unrecognized command line option ‘-Wno-self-assign’
cc1plus: warning: unrecognized command line option ‘-Wno-parentheses-equality’
cc1plus: warning: unrecognized command line option ‘-Wno-constant-logical-operand’
compiling rubymain.cpp
cc1plus: warning: command line option ‘-Wdeclaration-after-statement’ is valid for C/ObjC but not for C++
cc1plus: warning: command line option ‘-Wimplicit-function-declaration’ is valid for C/ObjC but not for C++
cc1plus: warning: command line option ‘-Wimplicit-int’ is valid for C/ObjC but not for C++
cc1plus: warning: unrecognized command line option ‘-Wno-self-assign’
cc1plus: warning: unrecognized command line option ‘-Wno-parentheses-equality’
cc1plus: warning: unrecognized command line option ‘-Wno-constant-logical-operand’
linking shared-object fastfilereaderext.so

current directory: /home/app/peatio-contrib-2.5.0/peatio-bitcoincash/ruby/2.6.0/gems/eventmachine-1.2.7/ext/fastfilereader
make "DESTDIR=" install
/usr/bin/install -m 0755 fastfilereaderext.so ./.gem.20220426-555024-qedwnc
