have_func: checking for rb_exec_recursive() in ruby.h... -------------------- yes

"gcc -o conftest -I/home/app/.rvm/rubies/ruby-2.6.3/include/ruby-2.6.0/x86_64-linux -I/home/app/.rvm/rubies/ruby-2.6.3/include/ruby-2.6.0/ruby/backward -I/home/app/.rvm/rubies/ruby-2.6.3/include/ruby-2.6.0 -I.    -O3 -ggdb3 -Wall -Wextra -Wdeclaration-after-statement -Wdeprecated-declarations -Wduplicated-cond -Wimplicit-function-declaration -Wimplicit-int -Wmisleading-indentation -Wpointer-arith -Wrestrict -Wwrite-strings -Wimplicit-fallthrough=0 -Wmissing-noreturn -Wno-cast-function-type -Wno-constant-logical-operand -Wno-long-long -Wno-missing-field-initializers -Wno-overlength-strings -Wno-packed-bitfield-compat -Wno-parentheses-equality -Wno-self-assign -Wno-tautological-compare -Wno-unused-parameter -Wno-unused-value -Wsuggest-attribute=format -Wsuggest-attribute=noreturn -Wunused-variable  -fPIC conftest.c  -L. -L/home/app/.rvm/rubies/ruby-2.6.3/lib -Wl,-rpath,/home/app/.rvm/rubies/ruby-2.6.3/lib -L. -fstack-protector-strong -rdynamic -Wl,-export-dynamic     -Wl,-rpath,'/../lib' -Wl,-rpath,'/../lib' -lruby  -lm   -lc"
checked program was:
/* begin */
1: #include "ruby.h"
2: 
3: int main(int argc, char **argv)
4: {
5:   return 0;
6: }
/* end */

"gcc -o conftest -I/home/app/.rvm/rubies/ruby-2.6.3/include/ruby-2.6.0/x86_64-linux -I/home/app/.rvm/rubies/ruby-2.6.3/include/ruby-2.6.0/ruby/backward -I/home/app/.rvm/rubies/ruby-2.6.3/include/ruby-2.6.0 -I.    -O3 -ggdb3 -Wall -Wextra -Wdeclaration-after-statement -Wdeprecated-declarations -Wduplicated-cond -Wimplicit-function-declaration -Wimplicit-int -Wmisleading-indentation -Wpointer-arith -Wrestrict -Wwrite-strings -Wimplicit-fallthrough=0 -Wmissing-noreturn -Wno-cast-function-type -Wno-constant-logical-operand -Wno-long-long -Wno-missing-field-initializers -Wno-overlength-strings -Wno-packed-bitfield-compat -Wno-parentheses-equality -Wno-self-assign -Wno-tautological-compare -Wno-unused-parameter -Wno-unused-value -Wsuggest-attribute=format -Wsuggest-attribute=noreturn -Wunused-variable  -fPIC conftest.c  -L. -L/home/app/.rvm/rubies/ruby-2.6.3/lib -Wl,-rpath,/home/app/.rvm/rubies/ruby-2.6.3/lib -L. -fstack-protector-strong -rdynamic -Wl,-export-dynamic     -Wl,-rpath,'/../lib' -Wl,-rpath,'/../lib' -lruby  -lm   -lc"
checked program was:
/* begin */
 1: #include "ruby.h"
 2: 
 3: #include <ruby.h>
 4: 
 5: /*top*/
 6: extern int t(void);
 7: int main(int argc, char **argv)
 8: {
 9:   if (argc > 1000000) {
10:     int (* volatile tp)(void)=(int (*)(void))&t;
11:     printf("%d", (*tp)());
12:   }
13: 
14:   return 0;
15: }
16: int t(void) { void ((*volatile p)()); p = (void ((*)()))rb_exec_recursive; return !p; }
/* end */

--------------------

have_func: checking for rb_exec_recursive_paired() in ruby.h... -------------------- yes

"gcc -o conftest -I/home/app/.rvm/rubies/ruby-2.6.3/include/ruby-2.6.0/x86_64-linux -I/home/app/.rvm/rubies/ruby-2.6.3/include/ruby-2.6.0/ruby/backward -I/home/app/.rvm/rubies/ruby-2.6.3/include/ruby-2.6.0 -I.    -O3 -ggdb3 -Wall -Wextra -Wdeclaration-after-statement -Wdeprecated-declarations -Wduplicated-cond -Wimplicit-function-declaration -Wimplicit-int -Wmisleading-indentation -Wpointer-arith -Wrestrict -Wwrite-strings -Wimplicit-fallthrough=0 -Wmissing-noreturn -Wno-cast-function-type -Wno-constant-logical-operand -Wno-long-long -Wno-missing-field-initializers -Wno-overlength-strings -Wno-packed-bitfield-compat -Wno-parentheses-equality -Wno-self-assign -Wno-tautological-compare -Wno-unused-parameter -Wno-unused-value -Wsuggest-attribute=format -Wsuggest-attribute=noreturn -Wunused-variable  -fPIC conftest.c  -L. -L/home/app/.rvm/rubies/ruby-2.6.3/lib -Wl,-rpath,/home/app/.rvm/rubies/ruby-2.6.3/lib -L. -fstack-protector-strong -rdynamic -Wl,-export-dynamic     -Wl,-rpath,'/../lib' -Wl,-rpath,'/../lib' -lruby  -lm   -lc"
checked program was:
/* begin */
 1: #include "ruby.h"
 2: 
 3: #include <ruby.h>
 4: 
 5: /*top*/
 6: extern int t(void);
 7: int main(int argc, char **argv)
 8: {
 9:   if (argc > 1000000) {
10:     int (* volatile tp)(void)=(int (*)(void))&t;
11:     printf("%d", (*tp)());
12:   }
13: 
14:   return 0;
15: }
16: int t(void) { void ((*volatile p)()); p = (void ((*)()))rb_exec_recursive_paired; return !p; }
/* end */

--------------------

have_func: checking for rb_proc_lambda_p() in ruby.h... -------------------- yes

"gcc -o conftest -I/home/app/.rvm/rubies/ruby-2.6.3/include/ruby-2.6.0/x86_64-linux -I/home/app/.rvm/rubies/ruby-2.6.3/include/ruby-2.6.0/ruby/backward -I/home/app/.rvm/rubies/ruby-2.6.3/include/ruby-2.6.0 -I.    -O3 -ggdb3 -Wall -Wextra -Wdeclaration-after-statement -Wdeprecated-declarations -Wduplicated-cond -Wimplicit-function-declaration -Wimplicit-int -Wmisleading-indentation -Wpointer-arith -Wrestrict -Wwrite-strings -Wimplicit-fallthrough=0 -Wmissing-noreturn -Wno-cast-function-type -Wno-constant-logical-operand -Wno-long-long -Wno-missing-field-initializers -Wno-overlength-strings -Wno-packed-bitfield-compat -Wno-parentheses-equality -Wno-self-assign -Wno-tautological-compare -Wno-unused-parameter -Wno-unused-value -Wsuggest-attribute=format -Wsuggest-attribute=noreturn -Wunused-variable  -fPIC conftest.c  -L. -L/home/app/.rvm/rubies/ruby-2.6.3/lib -Wl,-rpath,/home/app/.rvm/rubies/ruby-2.6.3/lib -L. -fstack-protector-strong -rdynamic -Wl,-export-dynamic     -Wl,-rpath,'/../lib' -Wl,-rpath,'/../lib' -lruby  -lm   -lc"
checked program was:
/* begin */
 1: #include "ruby.h"
 2: 
 3: #include <ruby.h>
 4: 
 5: /*top*/
 6: extern int t(void);
 7: int main(int argc, char **argv)
 8: {
 9:   if (argc > 1000000) {
10:     int (* volatile tp)(void)=(int (*)(void))&t;
11:     printf("%d", (*tp)());
12:   }
13: 
14:   return 0;
15: }
16: int t(void) { void ((*volatile p)()); p = (void ((*)()))rb_proc_lambda_p; return !p; }
/* end */

--------------------

have_func: checking for rb_ary_resize() in ruby.h... -------------------- yes

"gcc -o conftest -I/home/app/.rvm/rubies/ruby-2.6.3/include/ruby-2.6.0/x86_64-linux -I/home/app/.rvm/rubies/ruby-2.6.3/include/ruby-2.6.0/ruby/backward -I/home/app/.rvm/rubies/ruby-2.6.3/include/ruby-2.6.0 -I.    -O3 -ggdb3 -Wall -Wextra -Wdeclaration-after-statement -Wdeprecated-declarations -Wduplicated-cond -Wimplicit-function-declaration -Wimplicit-int -Wmisleading-indentation -Wpointer-arith -Wrestrict -Wwrite-strings -Wimplicit-fallthrough=0 -Wmissing-noreturn -Wno-cast-function-type -Wno-constant-logical-operand -Wno-long-long -Wno-missing-field-initializers -Wno-overlength-strings -Wno-packed-bitfield-compat -Wno-parentheses-equality -Wno-self-assign -Wno-tautological-compare -Wno-unused-parameter -Wno-unused-value -Wsuggest-attribute=format -Wsuggest-attribute=noreturn -Wunused-variable  -fPIC conftest.c  -L. -L/home/app/.rvm/rubies/ruby-2.6.3/lib -Wl,-rpath,/home/app/.rvm/rubies/ruby-2.6.3/lib -L. -fstack-protector-strong -rdynamic -Wl,-export-dynamic     -Wl,-rpath,'/../lib' -Wl,-rpath,'/../lib' -lruby  -lm   -lc"
checked program was:
/* begin */
 1: #include "ruby.h"
 2: 
 3: #include <ruby.h>
 4: 
 5: /*top*/
 6: extern int t(void);
 7: int main(int argc, char **argv)
 8: {
 9:   if (argc > 1000000) {
10:     int (* volatile tp)(void)=(int (*)(void))&t;
11:     printf("%d", (*tp)());
12:   }
13: 
14:   return 0;
15: }
16: int t(void) { void ((*volatile p)()); p = (void ((*)()))rb_ary_resize; return !p; }
/* end */

--------------------

have_func: checking for rb_obj_hide() in ruby.h... -------------------- yes

"gcc -o conftest -I/home/app/.rvm/rubies/ruby-2.6.3/include/ruby-2.6.0/x86_64-linux -I/home/app/.rvm/rubies/ruby-2.6.3/include/ruby-2.6.0/ruby/backward -I/home/app/.rvm/rubies/ruby-2.6.3/include/ruby-2.6.0 -I.    -O3 -ggdb3 -Wall -Wextra -Wdeclaration-after-statement -Wdeprecated-declarations -Wduplicated-cond -Wimplicit-function-declaration -Wimplicit-int -Wmisleading-indentation -Wpointer-arith -Wrestrict -Wwrite-strings -Wimplicit-fallthrough=0 -Wmissing-noreturn -Wno-cast-function-type -Wno-constant-logical-operand -Wno-long-long -Wno-missing-field-initializers -Wno-overlength-strings -Wno-packed-bitfield-compat -Wno-parentheses-equality -Wno-self-assign -Wno-tautological-compare -Wno-unused-parameter -Wno-unused-value -Wsuggest-attribute=format -Wsuggest-attribute=noreturn -Wunused-variable  -fPIC conftest.c  -L. -L/home/app/.rvm/rubies/ruby-2.6.3/lib -Wl,-rpath,/home/app/.rvm/rubies/ruby-2.6.3/lib -L. -fstack-protector-strong -rdynamic -Wl,-export-dynamic     -Wl,-rpath,'/../lib' -Wl,-rpath,'/../lib' -lruby  -lm   -lc"
checked program was:
/* begin */
 1: #include "ruby.h"
 2: 
 3: #include <ruby.h>
 4: 
 5: /*top*/
 6: extern int t(void);
 7: int main(int argc, char **argv)
 8: {
 9:   if (argc > 1000000) {
10:     int (* volatile tp)(void)=(int (*)(void))&t;
11:     printf("%d", (*tp)());
12:   }
13: 
14:   return 0;
15: }
16: int t(void) { void ((*volatile p)()); p = (void ((*)()))rb_obj_hide; return !p; }
/* end */

--------------------

have_func: checking for rb_safe_level() in ruby.h... -------------------- yes

"gcc -o conftest -I/home/app/.rvm/rubies/ruby-2.6.3/include/ruby-2.6.0/x86_64-linux -I/home/app/.rvm/rubies/ruby-2.6.3/include/ruby-2.6.0/ruby/backward -I/home/app/.rvm/rubies/ruby-2.6.3/include/ruby-2.6.0 -I.    -O3 -ggdb3 -Wall -Wextra -Wdeclaration-after-statement -Wdeprecated-declarations -Wduplicated-cond -Wimplicit-function-declaration -Wimplicit-int -Wmisleading-indentation -Wpointer-arith -Wrestrict -Wwrite-strings -Wimplicit-fallthrough=0 -Wmissing-noreturn -Wno-cast-function-type -Wno-constant-logical-operand -Wno-long-long -Wno-missing-field-initializers -Wno-overlength-strings -Wno-packed-bitfield-compat -Wno-parentheses-equality -Wno-self-assign -Wno-tautological-compare -Wno-unused-parameter -Wno-unused-value -Wsuggest-attribute=format -Wsuggest-attribute=noreturn -Wunused-variable  -fPIC conftest.c  -L. -L/home/app/.rvm/rubies/ruby-2.6.3/lib -Wl,-rpath,/home/app/.rvm/rubies/ruby-2.6.3/lib -L. -fstack-protector-strong -rdynamic -Wl,-export-dynamic     -Wl,-rpath,'/../lib' -Wl,-rpath,'/../lib' -lruby  -lm   -lc"
checked program was:
/* begin */
 1: #include "ruby.h"
 2: 
 3: #include <ruby.h>
 4: 
 5: /*top*/
 6: extern int t(void);
 7: int main(int argc, char **argv)
 8: {
 9:   if (argc > 1000000) {
10:     int (* volatile tp)(void)=(int (*)(void))&t;
11:     printf("%d", (*tp)());
12:   }
13: 
14:   return 0;
15: }
16: int t(void) { void ((*volatile p)()); p = (void ((*)()))rb_safe_level; return !p; }
/* end */

--------------------

